<?xml version="1.0" encoding="UTF-8"?>
<testsuite xmlns:xsi="http://www.w3.org/2001/XMLSchema-instance" xsi:schemaLocation="https://maven.apache.org/surefire/maven-surefire-plugin/xsd/surefire-test-report.xsd" name="TestSuite" time="124.941" tests="9" errors="0" skipped="1" failures="7">
  <properties>
[...]
</properties>
  <testcase name="doLoginTest" classname="com.qa.linkedin.testcases.SearchDataDrivenTest" time="8.907"/>
  <testcase name="doSearchPeopleTest" classname="com.qa.linkedin.testcases.SearchDataDrivenTest" time="23.332">
    <failure message="no such element: Unable to locate element: {&quot;method&quot;:&quot;xpath&quot;,&quot;selector&quot;:&quot;//div[@class=&apos;search-results-container&apos;]/h2&quot;}&#10;  (Session info: chrome=99.0.4844.84)&#10;For documentation on this error, please visit: https://selenium.dev/exceptions/#no_such_element&#10;Build info: version: &apos;4.1.2&apos;, revision: &apos;9a5a329c5a&apos;&#10;System info: host: &apos;DESKTOP-DI9R8GJ&apos;, ip: &apos;192.168.86.91&apos;, os.name: &apos;Windows 10&apos;, os.arch: &apos;amd64&apos;, os.version: &apos;10.0&apos;, java.version: &apos;1.8.0_271&apos;&#10;Driver info: org.openqa.selenium.chrome.ChromeDriver&#10;Command: [f417e1760da2c6757467d1d83c719d04, findElement {using=xpath, value=//div[@class=&apos;search-results-container&apos;]/h2}]&#10;Capabilities {acceptInsecureCerts: false, browserName: chrome, browserVersion: 99.0.4844.84, chrome: {chromedriverVersion: 99.0.4844.51 (d537ec02474b5..., userDataDir: C:\Users\jayaj\AppData\Loca...}, goog:chromeOptions: {debuggerAddress: localhost:60617}, javascriptEnabled: true, networkConnectionEnabled: false, pageLoadStrategy: normal, platform: WINDOWS, platformName: WINDOWS, proxy: Proxy(), se:cdp: ws://localhost:60617/devtoo..., se:cdpVersion: 99.0.4844.84, setWindowRect: true, strictFileInteractability: false, timeouts: {implicit: 0, pageLoad: 300000, script: 30000}, unhandledPromptBehavior: dismiss and notify, webauthn:extension:credBlob: true, webauthn:extension:largeBlob: true, webauthn:virtualAuthenticators: true}&#10;Session ID: f417e1760da2c6757467d1d83c719d04" type="org.openqa.selenium.NoSuchElementException">org.openqa.selenium.NoSuchElementException: 
no such element: Unable to locate element: {"method":"xpath","selector":"//div[@class='search-results-container']/h2"}
  (Session info: chrome=99.0.4844.84)
For documentation on this error, please visit: https://selenium.dev/exceptions/#no_such_element
Build info: version: '4.1.2', revision: '9a5a329c5a'
System info: host: 'DESKTOP-DI9R8GJ', ip: '192.168.86.91', os.name: 'Windows 10', os.arch: 'amd64', os.version: '10.0', java.version: '1.8.0_271'
Driver info: org.openqa.selenium.chrome.ChromeDriver
Command: [f417e1760da2c6757467d1d83c719d04, findElement {using=xpath, value=//div[@class='search-results-container']/h2}]
Capabilities {acceptInsecureCerts: false, browserName: chrome, browserVersion: 99.0.4844.84, chrome: {chromedriverVersion: 99.0.4844.51 (d537ec02474b5..., userDataDir: C:\Users\jayaj\AppData\Loca...}, goog:chromeOptions: {debuggerAddress: localhost:60617}, javascriptEnabled: true, networkConnectionEnabled: false, pageLoadStrategy: normal, platform: WINDOWS, platformName: WINDOWS, proxy: Proxy(), se:cdp: ws://localhost:60617/devtoo..., se:cdpVersion: 99.0.4844.84, setWindowRect: true, strictFileInteractability: false, timeouts: {implicit: 0, pageLoad: 300000, script: 30000}, unhandledPromptBehavior: dismiss and notify, webauthn:extension:credBlob: true, webauthn:extension:largeBlob: true, webauthn:virtualAuthenticators: true}
Session ID: f417e1760da2c6757467d1d83c719d04
	at com.qa.linkedin.testcases.SearchDataDrivenTest.doSearchPeopleTest(SearchDataDrivenTest.java:53)
</failure>
    <system-out><![CDATA[2022-04-01 19:49:56 DEBUG SearchResultsPage:62 - Reading The Excel Sheet Data To @Dataprovider Annotation
2022-04-01 19:49:56 DEBUG ExcelUtils:28 - Specify the path of file :C:\Users\jayaj\eclipse-workspace\HybridFrameworkMar2022\src\test\java\com\qa\linkedin\data\searchData.xlsx
2022-04-01 19:49:56 DEBUG ExcelUtils:31 - read the file
2022-04-01 19:49:56 DEBUG ExcelUtils:33 - Load workbook
2022-04-01 19:49:57 DEBUG ExcelUtils:38 - fetch the row count
2022-04-01 19:49:57 DEBUG ExcelUtils:40 - number of rows in the excel sheet is-->6
2022-04-01 19:49:57 DEBUG ExcelUtils:42 - number of columns in the excel sheet is -->1
2022-04-01 19:49:57 DEBUG SearchResultsPage:45 - Start doSearchPeopleTest for  :Jaya
2022-04-01 19:49:57 DEBUG LinkedinHomePage:36 - wait for the ProfileRailCard
2022-04-01 19:49:57 DEBUG LinkedinHomePage:42 - Verify The Linkedin Loggedin Page Title: Feed | LinkedIn
2022-04-01 19:49:57 DEBUG SearchResultsPage:49 - Type The Value Of Jaya In Search Editbox
2022-04-01 19:49:57 DEBUG LinkedinHomePage:64 - Perform the doPeopleSearch search: Jaya
2022-04-01 19:49:57 DEBUG LinkedinHomePage:65 - Clear The Content In The Search Editbox
2022-04-01 19:49:57 DEBUG BasePageWeb:79 - wait for the element to be clickable or not
2022-04-01 19:49:57 DEBUG BasePageWeb:81 - clear the content in given editbox element
2022-04-01 19:49:57 DEBUG LinkedinHomePage:68 - Type The Search Keyword: Jaya in search Editbox
2022-04-01 19:49:58 DEBUG LinkedinHomePage:71 - Press The ENTER Key On searchEditbox
2022-04-01 19:49:58 DEBUG SearchResultsPage:52 - Fetch The Search Results Count For : Jaya
2022-04-01 19:49:58 DEBUG SearchResultsPage:30 - Wait for search results page title
2022-04-01 19:50:20 DEBUG SearchResultsPage:63 - Performing Get Results count for the given people
2022-04-01 19:50:20 DEBUG SearchResultsPage:47 - Performing fetch results count for the given people
doSearchPeopleTest failed!
]]></system-out>
  </testcase>
  <testcase name="doSearchPeopleTest" classname="com.qa.linkedin.testcases.SearchDataDrivenTest" time="5.82">
    <failure message="no such element: Unable to locate element: {&quot;method&quot;:&quot;xpath&quot;,&quot;selector&quot;:&quot;//div[@class=&apos;search-results-container&apos;]/h2&quot;}&#10;  (Session info: chrome=99.0.4844.84)&#10;For documentation on this error, please visit: https://selenium.dev/exceptions/#no_such_element&#10;Build info: version: &apos;4.1.2&apos;, revision: &apos;9a5a329c5a&apos;&#10;System info: host: &apos;DESKTOP-DI9R8GJ&apos;, ip: &apos;192.168.86.91&apos;, os.name: &apos;Windows 10&apos;, os.arch: &apos;amd64&apos;, os.version: &apos;10.0&apos;, java.version: &apos;1.8.0_271&apos;&#10;Driver info: org.openqa.selenium.chrome.ChromeDriver&#10;Command: [f417e1760da2c6757467d1d83c719d04, findElement {using=xpath, value=//div[@class=&apos;search-results-container&apos;]/h2}]&#10;Capabilities {acceptInsecureCerts: false, browserName: chrome, browserVersion: 99.0.4844.84, chrome: {chromedriverVersion: 99.0.4844.51 (d537ec02474b5..., userDataDir: C:\Users\jayaj\AppData\Loca...}, goog:chromeOptions: {debuggerAddress: localhost:60617}, javascriptEnabled: true, networkConnectionEnabled: false, pageLoadStrategy: normal, platform: WINDOWS, platformName: WINDOWS, proxy: Proxy(), se:cdp: ws://localhost:60617/devtoo..., se:cdpVersion: 99.0.4844.84, setWindowRect: true, strictFileInteractability: false, timeouts: {implicit: 0, pageLoad: 300000, script: 30000}, unhandledPromptBehavior: dismiss and notify, webauthn:extension:credBlob: true, webauthn:extension:largeBlob: true, webauthn:virtualAuthenticators: true}&#10;Session ID: f417e1760da2c6757467d1d83c719d04" type="org.openqa.selenium.NoSuchElementException">org.openqa.selenium.NoSuchElementException: 
no such element: Unable to locate element: {"method":"xpath","selector":"//div[@class='search-results-container']/h2"}
  (Session info: chrome=99.0.4844.84)
For documentation on this error, please visit: https://selenium.dev/exceptions/#no_such_element
Build info: version: '4.1.2', revision: '9a5a329c5a'
System info: host: 'DESKTOP-DI9R8GJ', ip: '192.168.86.91', os.name: 'Windows 10', os.arch: 'amd64', os.version: '10.0', java.version: '1.8.0_271'
Driver info: org.openqa.selenium.chrome.ChromeDriver
Command: [f417e1760da2c6757467d1d83c719d04, findElement {using=xpath, value=//div[@class='search-results-container']/h2}]
Capabilities {acceptInsecureCerts: false, browserName: chrome, browserVersion: 99.0.4844.84, chrome: {chromedriverVersion: 99.0.4844.51 (d537ec02474b5..., userDataDir: C:\Users\jayaj\AppData\Loca...}, goog:chromeOptions: {debuggerAddress: localhost:60617}, javascriptEnabled: true, networkConnectionEnabled: false, pageLoadStrategy: normal, platform: WINDOWS, platformName: WINDOWS, proxy: Proxy(), se:cdp: ws://localhost:60617/devtoo..., se:cdpVersion: 99.0.4844.84, setWindowRect: true, strictFileInteractability: false, timeouts: {implicit: 0, pageLoad: 300000, script: 30000}, unhandledPromptBehavior: dismiss and notify, webauthn:extension:credBlob: true, webauthn:extension:largeBlob: true, webauthn:virtualAuthenticators: true}
Session ID: f417e1760da2c6757467d1d83c719d04
	at com.qa.linkedin.testcases.SearchDataDrivenTest.doSearchPeopleTest(SearchDataDrivenTest.java:53)
</failure>
    <system-out><![CDATA[2022-04-01 19:50:21 DEBUG SearchResultsPage:45 - Start doSearchPeopleTest for  :Jyotsna
2022-04-01 19:50:21 DEBUG LinkedinHomePage:36 - wait for the ProfileRailCard
2022-04-01 19:50:21 DEBUG LinkedinHomePage:42 - Verify The Linkedin Loggedin Page Title: Feed | LinkedIn
2022-04-01 19:50:21 DEBUG SearchResultsPage:49 - Type The Value Of Jyotsna In Search Editbox
2022-04-01 19:50:21 DEBUG LinkedinHomePage:64 - Perform the doPeopleSearch search: Jyotsna
2022-04-01 19:50:21 DEBUG LinkedinHomePage:65 - Clear The Content In The Search Editbox
2022-04-01 19:50:21 DEBUG BasePageWeb:79 - wait for the element to be clickable or not
2022-04-01 19:50:21 DEBUG BasePageWeb:81 - clear the content in given editbox element
2022-04-01 19:50:21 DEBUG LinkedinHomePage:68 - Type The Search Keyword: Jyotsna in search Editbox
2022-04-01 19:50:21 DEBUG LinkedinHomePage:71 - Press The ENTER Key On searchEditbox
2022-04-01 19:50:21 DEBUG SearchResultsPage:52 - Fetch The Search Results Count For : Jyotsna
2022-04-01 19:50:21 DEBUG SearchResultsPage:30 - Wait for search results page title
2022-04-01 19:50:26 DEBUG SearchResultsPage:63 - Performing Get Results count for the given people
2022-04-01 19:50:26 DEBUG SearchResultsPage:47 - Performing fetch results count for the given people
doSearchPeopleTest failed!
]]></system-out>
  </testcase>
  <testcase name="doSearchPeopleTest" classname="com.qa.linkedin.testcases.SearchDataDrivenTest" time="6.905">
    <failure message="no such element: Unable to locate element: {&quot;method&quot;:&quot;xpath&quot;,&quot;selector&quot;:&quot;//div[@class=&apos;search-results-container&apos;]/h2&quot;}&#10;  (Session info: chrome=99.0.4844.84)&#10;For documentation on this error, please visit: https://selenium.dev/exceptions/#no_such_element&#10;Build info: version: &apos;4.1.2&apos;, revision: &apos;9a5a329c5a&apos;&#10;System info: host: &apos;DESKTOP-DI9R8GJ&apos;, ip: &apos;192.168.86.91&apos;, os.name: &apos;Windows 10&apos;, os.arch: &apos;amd64&apos;, os.version: &apos;10.0&apos;, java.version: &apos;1.8.0_271&apos;&#10;Driver info: org.openqa.selenium.chrome.ChromeDriver&#10;Command: [f417e1760da2c6757467d1d83c719d04, findElement {using=xpath, value=//div[@class=&apos;search-results-container&apos;]/h2}]&#10;Capabilities {acceptInsecureCerts: false, browserName: chrome, browserVersion: 99.0.4844.84, chrome: {chromedriverVersion: 99.0.4844.51 (d537ec02474b5..., userDataDir: C:\Users\jayaj\AppData\Loca...}, goog:chromeOptions: {debuggerAddress: localhost:60617}, javascriptEnabled: true, networkConnectionEnabled: false, pageLoadStrategy: normal, platform: WINDOWS, platformName: WINDOWS, proxy: Proxy(), se:cdp: ws://localhost:60617/devtoo..., se:cdpVersion: 99.0.4844.84, setWindowRect: true, strictFileInteractability: false, timeouts: {implicit: 0, pageLoad: 300000, script: 30000}, unhandledPromptBehavior: dismiss and notify, webauthn:extension:credBlob: true, webauthn:extension:largeBlob: true, webauthn:virtualAuthenticators: true}&#10;Session ID: f417e1760da2c6757467d1d83c719d04" type="org.openqa.selenium.NoSuchElementException">org.openqa.selenium.NoSuchElementException: 
no such element: Unable to locate element: {"method":"xpath","selector":"//div[@class='search-results-container']/h2"}
  (Session info: chrome=99.0.4844.84)
For documentation on this error, please visit: https://selenium.dev/exceptions/#no_such_element
Build info: version: '4.1.2', revision: '9a5a329c5a'
System info: host: 'DESKTOP-DI9R8GJ', ip: '192.168.86.91', os.name: 'Windows 10', os.arch: 'amd64', os.version: '10.0', java.version: '1.8.0_271'
Driver info: org.openqa.selenium.chrome.ChromeDriver
Command: [f417e1760da2c6757467d1d83c719d04, findElement {using=xpath, value=//div[@class='search-results-container']/h2}]
Capabilities {acceptInsecureCerts: false, browserName: chrome, browserVersion: 99.0.4844.84, chrome: {chromedriverVersion: 99.0.4844.51 (d537ec02474b5..., userDataDir: C:\Users\jayaj\AppData\Loca...}, goog:chromeOptions: {debuggerAddress: localhost:60617}, javascriptEnabled: true, networkConnectionEnabled: false, pageLoadStrategy: normal, platform: WINDOWS, platformName: WINDOWS, proxy: Proxy(), se:cdp: ws://localhost:60617/devtoo..., se:cdpVersion: 99.0.4844.84, setWindowRect: true, strictFileInteractability: false, timeouts: {implicit: 0, pageLoad: 300000, script: 30000}, unhandledPromptBehavior: dismiss and notify, webauthn:extension:credBlob: true, webauthn:extension:largeBlob: true, webauthn:virtualAuthenticators: true}
Session ID: f417e1760da2c6757467d1d83c719d04
	at com.qa.linkedin.testcases.SearchDataDrivenTest.doSearchPeopleTest(SearchDataDrivenTest.java:53)
</failure>
    <system-out><![CDATA[2022-04-01 19:50:26 DEBUG SearchResultsPage:45 - Start doSearchPeopleTest for  :hamsini
2022-04-01 19:50:26 DEBUG LinkedinHomePage:36 - wait for the ProfileRailCard
2022-04-01 19:50:26 DEBUG LinkedinHomePage:42 - Verify The Linkedin Loggedin Page Title: Feed | LinkedIn
2022-04-01 19:50:26 DEBUG SearchResultsPage:49 - Type The Value Of hamsini In Search Editbox
2022-04-01 19:50:26 DEBUG LinkedinHomePage:64 - Perform the doPeopleSearch search: hamsini
2022-04-01 19:50:26 DEBUG LinkedinHomePage:65 - Clear The Content In The Search Editbox
2022-04-01 19:50:26 DEBUG BasePageWeb:79 - wait for the element to be clickable or not
2022-04-01 19:50:26 DEBUG BasePageWeb:81 - clear the content in given editbox element
2022-04-01 19:50:27 DEBUG LinkedinHomePage:68 - Type The Search Keyword: hamsini in search Editbox
2022-04-01 19:50:27 DEBUG LinkedinHomePage:71 - Press The ENTER Key On searchEditbox
2022-04-01 19:50:27 DEBUG SearchResultsPage:52 - Fetch The Search Results Count For : hamsini
2022-04-01 19:50:27 DEBUG SearchResultsPage:30 - Wait for search results page title
2022-04-01 19:50:33 DEBUG SearchResultsPage:63 - Performing Get Results count for the given people
2022-04-01 19:50:33 DEBUG SearchResultsPage:47 - Performing fetch results count for the given people
doSearchPeopleTest failed!
]]></system-out>
  </testcase>
  <testcase name="doSearchPeopleTest" classname="com.qa.linkedin.testcases.SearchDataDrivenTest" time="7.41">
    <failure message="no such element: Unable to locate element: {&quot;method&quot;:&quot;xpath&quot;,&quot;selector&quot;:&quot;//div[@class=&apos;search-results-container&apos;]/h2&quot;}&#10;  (Session info: chrome=99.0.4844.84)&#10;For documentation on this error, please visit: https://selenium.dev/exceptions/#no_such_element&#10;Build info: version: &apos;4.1.2&apos;, revision: &apos;9a5a329c5a&apos;&#10;System info: host: &apos;DESKTOP-DI9R8GJ&apos;, ip: &apos;192.168.86.91&apos;, os.name: &apos;Windows 10&apos;, os.arch: &apos;amd64&apos;, os.version: &apos;10.0&apos;, java.version: &apos;1.8.0_271&apos;&#10;Driver info: org.openqa.selenium.chrome.ChromeDriver&#10;Command: [f417e1760da2c6757467d1d83c719d04, findElement {using=xpath, value=//div[@class=&apos;search-results-container&apos;]/h2}]&#10;Capabilities {acceptInsecureCerts: false, browserName: chrome, browserVersion: 99.0.4844.84, chrome: {chromedriverVersion: 99.0.4844.51 (d537ec02474b5..., userDataDir: C:\Users\jayaj\AppData\Loca...}, goog:chromeOptions: {debuggerAddress: localhost:60617}, javascriptEnabled: true, networkConnectionEnabled: false, pageLoadStrategy: normal, platform: WINDOWS, platformName: WINDOWS, proxy: Proxy(), se:cdp: ws://localhost:60617/devtoo..., se:cdpVersion: 99.0.4844.84, setWindowRect: true, strictFileInteractability: false, timeouts: {implicit: 0, pageLoad: 300000, script: 30000}, unhandledPromptBehavior: dismiss and notify, webauthn:extension:credBlob: true, webauthn:extension:largeBlob: true, webauthn:virtualAuthenticators: true}&#10;Session ID: f417e1760da2c6757467d1d83c719d04" type="org.openqa.selenium.NoSuchElementException">org.openqa.selenium.NoSuchElementException: 
no such element: Unable to locate element: {"method":"xpath","selector":"//div[@class='search-results-container']/h2"}
  (Session info: chrome=99.0.4844.84)
For documentation on this error, please visit: https://selenium.dev/exceptions/#no_such_element
Build info: version: '4.1.2', revision: '9a5a329c5a'
System info: host: 'DESKTOP-DI9R8GJ', ip: '192.168.86.91', os.name: 'Windows 10', os.arch: 'amd64', os.version: '10.0', java.version: '1.8.0_271'
Driver info: org.openqa.selenium.chrome.ChromeDriver
Command: [f417e1760da2c6757467d1d83c719d04, findElement {using=xpath, value=//div[@class='search-results-container']/h2}]
Capabilities {acceptInsecureCerts: false, browserName: chrome, browserVersion: 99.0.4844.84, chrome: {chromedriverVersion: 99.0.4844.51 (d537ec02474b5..., userDataDir: C:\Users\jayaj\AppData\Loca...}, goog:chromeOptions: {debuggerAddress: localhost:60617}, javascriptEnabled: true, networkConnectionEnabled: false, pageLoadStrategy: normal, platform: WINDOWS, platformName: WINDOWS, proxy: Proxy(), se:cdp: ws://localhost:60617/devtoo..., se:cdpVersion: 99.0.4844.84, setWindowRect: true, strictFileInteractability: false, timeouts: {implicit: 0, pageLoad: 300000, script: 30000}, unhandledPromptBehavior: dismiss and notify, webauthn:extension:credBlob: true, webauthn:extension:largeBlob: true, webauthn:virtualAuthenticators: true}
Session ID: f417e1760da2c6757467d1d83c719d04
	at com.qa.linkedin.testcases.SearchDataDrivenTest.doSearchPeopleTest(SearchDataDrivenTest.java:53)
</failure>
    <system-out><![CDATA[2022-04-01 19:50:33 DEBUG SearchResultsPage:45 - Start doSearchPeopleTest for  :harshini
2022-04-01 19:50:33 DEBUG LinkedinHomePage:36 - wait for the ProfileRailCard
2022-04-01 19:50:33 DEBUG LinkedinHomePage:42 - Verify The Linkedin Loggedin Page Title: Feed | LinkedIn
2022-04-01 19:50:33 DEBUG SearchResultsPage:49 - Type The Value Of harshini In Search Editbox
2022-04-01 19:50:33 DEBUG LinkedinHomePage:64 - Perform the doPeopleSearch search: harshini
2022-04-01 19:50:33 DEBUG LinkedinHomePage:65 - Clear The Content In The Search Editbox
2022-04-01 19:50:33 DEBUG BasePageWeb:79 - wait for the element to be clickable or not
2022-04-01 19:50:33 DEBUG BasePageWeb:81 - clear the content in given editbox element
2022-04-01 19:50:33 DEBUG LinkedinHomePage:68 - Type The Search Keyword: harshini in search Editbox
2022-04-01 19:50:34 DEBUG LinkedinHomePage:71 - Press The ENTER Key On searchEditbox
2022-04-01 19:50:34 DEBUG SearchResultsPage:52 - Fetch The Search Results Count For : harshini
2022-04-01 19:50:34 DEBUG SearchResultsPage:30 - Wait for search results page title
2022-04-01 19:50:40 DEBUG SearchResultsPage:63 - Performing Get Results count for the given people
2022-04-01 19:50:40 DEBUG SearchResultsPage:47 - Performing fetch results count for the given people
doSearchPeopleTest failed!
]]></system-out>
  </testcase>
  <testcase name="doSearchPeopleTest" classname="com.qa.linkedin.testcases.SearchDataDrivenTest" time="9.936">
    <failure message="no such element: Unable to locate element: {&quot;method&quot;:&quot;xpath&quot;,&quot;selector&quot;:&quot;//div[@class=&apos;search-results-container&apos;]/h2&quot;}&#10;  (Session info: chrome=99.0.4844.84)&#10;For documentation on this error, please visit: https://selenium.dev/exceptions/#no_such_element&#10;Build info: version: &apos;4.1.2&apos;, revision: &apos;9a5a329c5a&apos;&#10;System info: host: &apos;DESKTOP-DI9R8GJ&apos;, ip: &apos;192.168.86.91&apos;, os.name: &apos;Windows 10&apos;, os.arch: &apos;amd64&apos;, os.version: &apos;10.0&apos;, java.version: &apos;1.8.0_271&apos;&#10;Driver info: org.openqa.selenium.chrome.ChromeDriver&#10;Command: [f417e1760da2c6757467d1d83c719d04, findElement {using=xpath, value=//div[@class=&apos;search-results-container&apos;]/h2}]&#10;Capabilities {acceptInsecureCerts: false, browserName: chrome, browserVersion: 99.0.4844.84, chrome: {chromedriverVersion: 99.0.4844.51 (d537ec02474b5..., userDataDir: C:\Users\jayaj\AppData\Loca...}, goog:chromeOptions: {debuggerAddress: localhost:60617}, javascriptEnabled: true, networkConnectionEnabled: false, pageLoadStrategy: normal, platform: WINDOWS, platformName: WINDOWS, proxy: Proxy(), se:cdp: ws://localhost:60617/devtoo..., se:cdpVersion: 99.0.4844.84, setWindowRect: true, strictFileInteractability: false, timeouts: {implicit: 0, pageLoad: 300000, script: 30000}, unhandledPromptBehavior: dismiss and notify, webauthn:extension:credBlob: true, webauthn:extension:largeBlob: true, webauthn:virtualAuthenticators: true}&#10;Session ID: f417e1760da2c6757467d1d83c719d04" type="org.openqa.selenium.NoSuchElementException">org.openqa.selenium.NoSuchElementException: 
no such element: Unable to locate element: {"method":"xpath","selector":"//div[@class='search-results-container']/h2"}
  (Session info: chrome=99.0.4844.84)
For documentation on this error, please visit: https://selenium.dev/exceptions/#no_such_element
Build info: version: '4.1.2', revision: '9a5a329c5a'
System info: host: 'DESKTOP-DI9R8GJ', ip: '192.168.86.91', os.name: 'Windows 10', os.arch: 'amd64', os.version: '10.0', java.version: '1.8.0_271'
Driver info: org.openqa.selenium.chrome.ChromeDriver
Command: [f417e1760da2c6757467d1d83c719d04, findElement {using=xpath, value=//div[@class='search-results-container']/h2}]
Capabilities {acceptInsecureCerts: false, browserName: chrome, browserVersion: 99.0.4844.84, chrome: {chromedriverVersion: 99.0.4844.51 (d537ec02474b5..., userDataDir: C:\Users\jayaj\AppData\Loca...}, goog:chromeOptions: {debuggerAddress: localhost:60617}, javascriptEnabled: true, networkConnectionEnabled: false, pageLoadStrategy: normal, platform: WINDOWS, platformName: WINDOWS, proxy: Proxy(), se:cdp: ws://localhost:60617/devtoo..., se:cdpVersion: 99.0.4844.84, setWindowRect: true, strictFileInteractability: false, timeouts: {implicit: 0, pageLoad: 300000, script: 30000}, unhandledPromptBehavior: dismiss and notify, webauthn:extension:credBlob: true, webauthn:extension:largeBlob: true, webauthn:virtualAuthenticators: true}
Session ID: f417e1760da2c6757467d1d83c719d04
	at com.qa.linkedin.testcases.SearchDataDrivenTest.doSearchPeopleTest(SearchDataDrivenTest.java:53)
</failure>
    <system-out><![CDATA[2022-04-01 19:50:41 DEBUG SearchResultsPage:45 - Start doSearchPeopleTest for  :dhruva
2022-04-01 19:50:41 DEBUG LinkedinHomePage:36 - wait for the ProfileRailCard
2022-04-01 19:50:41 DEBUG LinkedinHomePage:42 - Verify The Linkedin Loggedin Page Title: Feed | LinkedIn
2022-04-01 19:50:41 DEBUG SearchResultsPage:49 - Type The Value Of dhruva In Search Editbox
2022-04-01 19:50:41 DEBUG LinkedinHomePage:64 - Perform the doPeopleSearch search: dhruva
2022-04-01 19:50:41 DEBUG LinkedinHomePage:65 - Clear The Content In The Search Editbox
2022-04-01 19:50:41 DEBUG BasePageWeb:79 - wait for the element to be clickable or not
2022-04-01 19:50:41 DEBUG BasePageWeb:81 - clear the content in given editbox element
2022-04-01 19:50:41 DEBUG LinkedinHomePage:68 - Type The Search Keyword: dhruva in search Editbox
2022-04-01 19:50:41 DEBUG LinkedinHomePage:71 - Press The ENTER Key On searchEditbox
2022-04-01 19:50:41 DEBUG SearchResultsPage:52 - Fetch The Search Results Count For : dhruva
2022-04-01 19:50:41 DEBUG SearchResultsPage:30 - Wait for search results page title
2022-04-01 19:50:50 DEBUG SearchResultsPage:63 - Performing Get Results count for the given people
2022-04-01 19:50:50 DEBUG SearchResultsPage:47 - Performing fetch results count for the given people
doSearchPeopleTest failed!
]]></system-out>
  </testcase>
  <testcase name="doSearchPeopleTest" classname="com.qa.linkedin.testcases.SearchDataDrivenTest" time="7.384">
    <failure message="no such element: Unable to locate element: {&quot;method&quot;:&quot;xpath&quot;,&quot;selector&quot;:&quot;//div[@class=&apos;search-results-container&apos;]/h2&quot;}&#10;  (Session info: chrome=99.0.4844.84)&#10;For documentation on this error, please visit: https://selenium.dev/exceptions/#no_such_element&#10;Build info: version: &apos;4.1.2&apos;, revision: &apos;9a5a329c5a&apos;&#10;System info: host: &apos;DESKTOP-DI9R8GJ&apos;, ip: &apos;192.168.86.91&apos;, os.name: &apos;Windows 10&apos;, os.arch: &apos;amd64&apos;, os.version: &apos;10.0&apos;, java.version: &apos;1.8.0_271&apos;&#10;Driver info: org.openqa.selenium.chrome.ChromeDriver&#10;Command: [f417e1760da2c6757467d1d83c719d04, findElement {using=xpath, value=//div[@class=&apos;search-results-container&apos;]/h2}]&#10;Capabilities {acceptInsecureCerts: false, browserName: chrome, browserVersion: 99.0.4844.84, chrome: {chromedriverVersion: 99.0.4844.51 (d537ec02474b5..., userDataDir: C:\Users\jayaj\AppData\Loca...}, goog:chromeOptions: {debuggerAddress: localhost:60617}, javascriptEnabled: true, networkConnectionEnabled: false, pageLoadStrategy: normal, platform: WINDOWS, platformName: WINDOWS, proxy: Proxy(), se:cdp: ws://localhost:60617/devtoo..., se:cdpVersion: 99.0.4844.84, setWindowRect: true, strictFileInteractability: false, timeouts: {implicit: 0, pageLoad: 300000, script: 30000}, unhandledPromptBehavior: dismiss and notify, webauthn:extension:credBlob: true, webauthn:extension:largeBlob: true, webauthn:virtualAuthenticators: true}&#10;Session ID: f417e1760da2c6757467d1d83c719d04" type="org.openqa.selenium.NoSuchElementException">org.openqa.selenium.NoSuchElementException: 
no such element: Unable to locate element: {"method":"xpath","selector":"//div[@class='search-results-container']/h2"}
  (Session info: chrome=99.0.4844.84)
For documentation on this error, please visit: https://selenium.dev/exceptions/#no_such_element
Build info: version: '4.1.2', revision: '9a5a329c5a'
System info: host: 'DESKTOP-DI9R8GJ', ip: '192.168.86.91', os.name: 'Windows 10', os.arch: 'amd64', os.version: '10.0', java.version: '1.8.0_271'
Driver info: org.openqa.selenium.chrome.ChromeDriver
Command: [f417e1760da2c6757467d1d83c719d04, findElement {using=xpath, value=//div[@class='search-results-container']/h2}]
Capabilities {acceptInsecureCerts: false, browserName: chrome, browserVersion: 99.0.4844.84, chrome: {chromedriverVersion: 99.0.4844.51 (d537ec02474b5..., userDataDir: C:\Users\jayaj\AppData\Loca...}, goog:chromeOptions: {debuggerAddress: localhost:60617}, javascriptEnabled: true, networkConnectionEnabled: false, pageLoadStrategy: normal, platform: WINDOWS, platformName: WINDOWS, proxy: Proxy(), se:cdp: ws://localhost:60617/devtoo..., se:cdpVersion: 99.0.4844.84, setWindowRect: true, strictFileInteractability: false, timeouts: {implicit: 0, pageLoad: 300000, script: 30000}, unhandledPromptBehavior: dismiss and notify, webauthn:extension:credBlob: true, webauthn:extension:largeBlob: true, webauthn:virtualAuthenticators: true}
Session ID: f417e1760da2c6757467d1d83c719d04
	at com.qa.linkedin.testcases.SearchDataDrivenTest.doSearchPeopleTest(SearchDataDrivenTest.java:53)
</failure>
    <system-out><![CDATA[2022-04-01 19:50:51 DEBUG SearchResultsPage:45 - Start doSearchPeopleTest for  :ramesh
2022-04-01 19:50:51 DEBUG LinkedinHomePage:36 - wait for the ProfileRailCard
2022-04-01 19:50:51 DEBUG LinkedinHomePage:42 - Verify The Linkedin Loggedin Page Title: Feed | LinkedIn
2022-04-01 19:50:51 DEBUG SearchResultsPage:49 - Type The Value Of ramesh In Search Editbox
2022-04-01 19:50:51 DEBUG LinkedinHomePage:64 - Perform the doPeopleSearch search: ramesh
2022-04-01 19:50:51 DEBUG LinkedinHomePage:65 - Clear The Content In The Search Editbox
2022-04-01 19:50:51 DEBUG BasePageWeb:79 - wait for the element to be clickable or not
2022-04-01 19:50:51 DEBUG BasePageWeb:81 - clear the content in given editbox element
2022-04-01 19:50:51 DEBUG LinkedinHomePage:68 - Type The Search Keyword: ramesh in search Editbox
2022-04-01 19:50:51 DEBUG LinkedinHomePage:71 - Press The ENTER Key On searchEditbox
2022-04-01 19:50:51 DEBUG SearchResultsPage:52 - Fetch The Search Results Count For : ramesh
2022-04-01 19:50:51 DEBUG SearchResultsPage:30 - Wait for search results page title
2022-04-01 19:50:58 DEBUG SearchResultsPage:63 - Performing Get Results count for the given people
2022-04-01 19:50:58 DEBUG SearchResultsPage:47 - Performing fetch results count for the given people
doSearchPeopleTest failed!
]]></system-out>
  </testcase>
  <testcase name="logoutTest" classname="com.qa.linkedin.testcases.SearchDataDrivenTest" time="52.694">
    <failure message="Expected condition failed: waiting for element to be clickable: Proxy element for: DefaultElementLocator &apos;By.xpath: //img[contains(@id,&apos;ember26&apos;)]&apos; (tried for 45 second(s) with 500 milliseconds interval)" type="org.openqa.selenium.TimeoutException">org.openqa.selenium.TimeoutException: Expected condition failed: waiting for element to be clickable: Proxy element for: DefaultElementLocator 'By.xpath: //img[contains(@id,'ember26')]' (tried for 45 second(s) with 500 milliseconds interval)
	at com.qa.linkedin.testcases.SearchDataDrivenTest.logoutTest(SearchDataDrivenTest.java:80)
Caused by: org.openqa.selenium.NoSuchElementException: 
no such element: Unable to locate element: {"method":"xpath","selector":"//img[contains(@id,'ember26')]"}
  (Session info: chrome=99.0.4844.84)
For documentation on this error, please visit: https://selenium.dev/exceptions/#no_such_element
Build info: version: '4.1.2', revision: '9a5a329c5a'
System info: host: 'DESKTOP-DI9R8GJ', ip: '192.168.86.91', os.name: 'Windows 10', os.arch: 'amd64', os.version: '10.0', java.version: '1.8.0_271'
Driver info: org.openqa.selenium.chrome.ChromeDriver
Command: [f417e1760da2c6757467d1d83c719d04, findElement {using=xpath, value=//img[contains(@id,'ember26')]}]
Capabilities {acceptInsecureCerts: false, browserName: chrome, browserVersion: 99.0.4844.84, chrome: {chromedriverVersion: 99.0.4844.51 (d537ec02474b5..., userDataDir: C:\Users\jayaj\AppData\Loca...}, goog:chromeOptions: {debuggerAddress: localhost:60617}, javascriptEnabled: true, networkConnectionEnabled: false, pageLoadStrategy: normal, platform: WINDOWS, platformName: WINDOWS, proxy: Proxy(), se:cdp: ws://localhost:60617/devtoo..., se:cdpVersion: 99.0.4844.84, setWindowRect: true, strictFileInteractability: false, timeouts: {implicit: 0, pageLoad: 300000, script: 30000}, unhandledPromptBehavior: dismiss and notify, webauthn:extension:credBlob: true, webauthn:extension:largeBlob: true, webauthn:virtualAuthenticators: true}
Session ID: f417e1760da2c6757467d1d83c719d04
	at com.qa.linkedin.testcases.SearchDataDrivenTest.logoutTest(SearchDataDrivenTest.java:80)
</failure>
    <system-out><![CDATA[2022-04-01 19:50:58 DEBUG SearchResultsPage:79 - Logout From Application
2022-04-01 19:50:58 DEBUG LinkedinHomePage:48 - Perform the logout operarion from the application
]]></system-out>
  </testcase>
  <testcase name="afterClass" classname="com.qa.linkedin.testcases.SearchDataDrivenTest" time="0">
    <skipped/>
    <system-out><![CDATA[2022-04-01 19:51:43 DEBUG cache:45 - Couldn't find template in cache for "v3html/v3-html-index.ftl"("en", UTF-8, parsed); will try to load it.
2022-04-01 19:51:43 DEBUG cache:45 - TemplateLoader.findTemplateSource("v3html/v3-html-index_en.ftl"): Not found
2022-04-01 19:51:43 DEBUG cache:45 - TemplateLoader.findTemplateSource("v3html/v3-html-index.ftl"): Found
2022-04-01 19:51:43 DEBUG cache:45 - Loading template for "v3html/v3-html-index.ftl"("en", UTF-8, parsed) from "jar:file:/C:/Users/jayaj/.m2/repository/com/aventstack/extentreports/4.0.9/extentreports-4.0.9.jar!/com/aventstack/extentreports/view/v3html/v3-html-index.ftl"
2022-04-01 19:51:44 DEBUG cache:45 - Couldn't find template in cache for "v3html/v3-html-head.ftl"("en", UTF-8, parsed); will try to load it.
2022-04-01 19:51:44 DEBUG cache:45 - TemplateLoader.findTemplateSource("v3html/v3-html-head_en.ftl"): Not found
2022-04-01 19:51:44 DEBUG cache:45 - TemplateLoader.findTemplateSource("v3html/v3-html-head.ftl"): Found
2022-04-01 19:51:44 DEBUG cache:45 - Loading template for "v3html/v3-html-head.ftl"("en", UTF-8, parsed) from "jar:file:/C:/Users/jayaj/.m2/repository/com/aventstack/extentreports/4.0.9/extentreports-4.0.9.jar!/com/aventstack/extentreports/view/v3html/v3-html-head.ftl"
2022-04-01 19:51:44 DEBUG cache:45 - Couldn't find template in cache for "v3html/v3-html-nav.ftl"("en", UTF-8, parsed); will try to load it.
2022-04-01 19:51:44 DEBUG cache:45 - TemplateLoader.findTemplateSource("v3html/v3-html-nav_en.ftl"): Not found
2022-04-01 19:51:44 DEBUG cache:45 - TemplateLoader.findTemplateSource("v3html/v3-html-nav.ftl"): Found
2022-04-01 19:51:44 DEBUG cache:45 - Loading template for "v3html/v3-html-nav.ftl"("en", UTF-8, parsed) from "jar:file:/C:/Users/jayaj/.m2/repository/com/aventstack/extentreports/4.0.9/extentreports-4.0.9.jar!/com/aventstack/extentreports/view/v3html/v3-html-nav.ftl"
2022-04-01 19:51:44 DEBUG cache:45 - Couldn't find template in cache for "v3html/test-view/v3-html-test-view.ftl"("en", UTF-8, parsed); will try to load it.
2022-04-01 19:51:44 DEBUG cache:45 - TemplateLoader.findTemplateSource("v3html/test-view/v3-html-test-view_en.ftl"): Not found
2022-04-01 19:51:44 DEBUG cache:45 - TemplateLoader.findTemplateSource("v3html/test-view/v3-html-test-view.ftl"): Found
2022-04-01 19:51:44 DEBUG cache:45 - Loading template for "v3html/test-view/v3-html-test-view.ftl"("en", UTF-8, parsed) from "jar:file:/C:/Users/jayaj/.m2/repository/com/aventstack/extentreports/4.0.9/extentreports-4.0.9.jar!/com/aventstack/extentreports/view/v3html/test-view/v3-html-test-view.ftl"
2022-04-01 19:51:44 DEBUG cache:45 - Couldn't find template in cache for "v3html/test-view/v3-html-test-view-charts.ftl"("en", UTF-8, parsed); will try to load it.
2022-04-01 19:51:44 DEBUG cache:45 - TemplateLoader.findTemplateSource("v3html/test-view/v3-html-test-view-charts_en.ftl"): Not found
2022-04-01 19:51:44 DEBUG cache:45 - TemplateLoader.findTemplateSource("v3html/test-view/v3-html-test-view-charts.ftl"): Found
2022-04-01 19:51:44 DEBUG cache:45 - Loading template for "v3html/test-view/v3-html-test-view-charts.ftl"("en", UTF-8, parsed) from "jar:file:/C:/Users/jayaj/.m2/repository/com/aventstack/extentreports/4.0.9/extentreports-4.0.9.jar!/com/aventstack/extentreports/view/v3html/test-view/v3-html-test-view-charts.ftl"
2022-04-01 19:51:44 DEBUG cache:45 - Couldn't find template in cache for "v3html/test-view/v3-html-standard.ftl"("en", UTF-8, parsed); will try to load it.
2022-04-01 19:51:44 DEBUG cache:45 - TemplateLoader.findTemplateSource("v3html/test-view/v3-html-standard_en.ftl"): Not found
2022-04-01 19:51:44 DEBUG cache:45 - TemplateLoader.findTemplateSource("v3html/test-view/v3-html-standard.ftl"): Found
2022-04-01 19:51:44 DEBUG cache:45 - Loading template for "v3html/test-view/v3-html-standard.ftl"("en", UTF-8, parsed) from "jar:file:/C:/Users/jayaj/.m2/repository/com/aventstack/extentreports/4.0.9/extentreports-4.0.9.jar!/com/aventstack/extentreports/view/v3html/test-view/v3-html-standard.ftl"
2022-04-01 19:51:44 DEBUG cache:45 - "v3html/test-view/v3-html-standard.ftl"("en", UTF-8, parsed) cached copy not yet stale; using cached.
2022-04-01 19:51:44 DEBUG cache:45 - "v3html/test-view/v3-html-standard.ftl"("en", UTF-8, parsed) cached copy not yet stale; using cached.
2022-04-01 19:51:44 DEBUG cache:45 - "v3html/test-view/v3-html-standard.ftl"("en", UTF-8, parsed) cached copy not yet stale; using cached.
2022-04-01 19:51:44 DEBUG cache:45 - "v3html/test-view/v3-html-standard.ftl"("en", UTF-8, parsed) cached copy not yet stale; using cached.
2022-04-01 19:51:44 DEBUG cache:45 - "v3html/test-view/v3-html-standard.ftl"("en", UTF-8, parsed) cached copy not yet stale; using cached.
2022-04-01 19:51:44 DEBUG cache:45 - "v3html/test-view/v3-html-standard.ftl"("en", UTF-8, parsed) cached copy not yet stale; using cached.
2022-04-01 19:51:44 DEBUG cache:45 - Couldn't find template in cache for "v3html/category-view/v3-html-category-view.ftl"("en", UTF-8, parsed); will try to load it.
2022-04-01 19:51:44 DEBUG cache:45 - TemplateLoader.findTemplateSource("v3html/category-view/v3-html-category-view_en.ftl"): Not found
2022-04-01 19:51:44 DEBUG cache:45 - TemplateLoader.findTemplateSource("v3html/category-view/v3-html-category-view.ftl"): Found
2022-04-01 19:51:44 DEBUG cache:45 - Loading template for "v3html/category-view/v3-html-category-view.ftl"("en", UTF-8, parsed) from "jar:file:/C:/Users/jayaj/.m2/repository/com/aventstack/extentreports/4.0.9/extentreports-4.0.9.jar!/com/aventstack/extentreports/view/v3html/category-view/v3-html-category-view.ftl"
2022-04-01 19:51:44 DEBUG cache:45 - Couldn't find template in cache for "v3html/exception-view/v3-html-exception-view.ftl"("en", UTF-8, parsed); will try to load it.
2022-04-01 19:51:44 DEBUG cache:45 - TemplateLoader.findTemplateSource("v3html/exception-view/v3-html-exception-view_en.ftl"): Not found
2022-04-01 19:51:44 DEBUG cache:45 - TemplateLoader.findTemplateSource("v3html/exception-view/v3-html-exception-view.ftl"): Found
2022-04-01 19:51:44 DEBUG cache:45 - Loading template for "v3html/exception-view/v3-html-exception-view.ftl"("en", UTF-8, parsed) from "jar:file:/C:/Users/jayaj/.m2/repository/com/aventstack/extentreports/4.0.9/extentreports-4.0.9.jar!/com/aventstack/extentreports/view/v3html/exception-view/v3-html-exception-view.ftl"
2022-04-01 19:51:44 DEBUG cache:45 - Couldn't find template in cache for "v3html/author-view/v3-html-author-view.ftl"("en", UTF-8, parsed); will try to load it.
2022-04-01 19:51:44 DEBUG cache:45 - TemplateLoader.findTemplateSource("v3html/author-view/v3-html-author-view_en.ftl"): Not found
2022-04-01 19:51:44 DEBUG cache:45 - TemplateLoader.findTemplateSource("v3html/author-view/v3-html-author-view.ftl"): Found
2022-04-01 19:51:44 DEBUG cache:45 - Loading template for "v3html/author-view/v3-html-author-view.ftl"("en", UTF-8, parsed) from "jar:file:/C:/Users/jayaj/.m2/repository/com/aventstack/extentreports/4.0.9/extentreports-4.0.9.jar!/com/aventstack/extentreports/view/v3html/author-view/v3-html-author-view.ftl"
2022-04-01 19:51:44 DEBUG cache:45 - Couldn't find template in cache for "v3html/dashboard-view/v3-html-dashboard-view.ftl"("en", UTF-8, parsed); will try to load it.
2022-04-01 19:51:44 DEBUG cache:45 - TemplateLoader.findTemplateSource("v3html/dashboard-view/v3-html-dashboard-view_en.ftl"): Not found
2022-04-01 19:51:44 DEBUG cache:45 - TemplateLoader.findTemplateSource("v3html/dashboard-view/v3-html-dashboard-view.ftl"): Found
2022-04-01 19:51:44 DEBUG cache:45 - Loading template for "v3html/dashboard-view/v3-html-dashboard-view.ftl"("en", UTF-8, parsed) from "jar:file:/C:/Users/jayaj/.m2/repository/com/aventstack/extentreports/4.0.9/extentreports-4.0.9.jar!/com/aventstack/extentreports/view/v3html/dashboard-view/v3-html-dashboard-view.ftl"
2022-04-01 19:51:44 DEBUG cache:45 - Couldn't find template in cache for "v3html/logs-view/v3-html-testrunner-logs-view.ftl"("en", UTF-8, parsed); will try to load it.
2022-04-01 19:51:44 DEBUG cache:45 - TemplateLoader.findTemplateSource("v3html/logs-view/v3-html-testrunner-logs-view_en.ftl"): Not found
2022-04-01 19:51:44 DEBUG cache:45 - TemplateLoader.findTemplateSource("v3html/logs-view/v3-html-testrunner-logs-view.ftl"): Found
2022-04-01 19:51:44 DEBUG cache:45 - Loading template for "v3html/logs-view/v3-html-testrunner-logs-view.ftl"("en", UTF-8, parsed) from "jar:file:/C:/Users/jayaj/.m2/repository/com/aventstack/extentreports/4.0.9/extentreports-4.0.9.jar!/com/aventstack/extentreports/view/v3html/logs-view/v3-html-testrunner-logs-view.ftl"
]]></system-out>
  </testcase>
</testsuite>